#
# A fatal error has been detected by the Java Runtime Environment:
#
#  Internal Error (javaClasses.cpp:136), pid=7104, tid=6996
#  fatal error: Invalid layout of preloaded class
#
# JRE version:  (7.0_45-b18) (build )
# Java VM: Java HotSpot(TM) 64-Bit Server VM (24.45-b08 mixed mode windows-amd64 compressed oops)
# Failed to write core dump. Minidumps are not enabled by default on client versions of Windows
#
# If you would like to submit a bug report, please visit:
#   http://bugreport.sun.com/bugreport/crash.jsp
#

---------------  T H R E A D  ---------------

Current thread (0x000000000226d800):  JavaThread "Unknown thread" [_thread_in_vm, id=6996, stack(0x0000000002440000,0x0000000002540000)]

Stack: [0x0000000002440000,0x0000000002540000]

---------------  P R O C E S S  ---------------

Java Threads: ( => current thread )

Other Threads:

=>0x000000000226d800 (exited) JavaThread "Unknown thread" [_thread_in_vm, id=6996, stack(0x0000000002440000,0x0000000002540000)]

VM state:not at safepoint (not fully initialized)

VM Mutex/Monitor currently owned by a thread: None

GC Heap History (0 events):
No events

Deoptimization events (0 events):
No events

Internal exceptions (0 events):
No events

Events (10 events):
Event: 0.016 loading class 0x000000000217f250 done
Event: 0.016 loading class 0x000000000217ec70 done
Event: 0.016 loading class 0x000000000217ec50
Event: 0.017 loading class 0x0000000002186d50
Event: 0.017 loading class 0x0000000002186d50 done
Event: 0.017 loading class 0x0000000002186d80
Event: 0.017 loading class 0x0000000002186d80 done
Event: 0.017 loading class 0x0000000002186db0
Event: 0.017 loading class 0x0000000002186db0 done
Event: 0.017 loading class 0x000000000217ec50 done


Dynamic libraries:
0x000000013ff00000 - 0x000000013ff33000 	C:\Program Files\Java\jdk1.7.0_45\jre\bin\javaw.exe
0x0000000076f50000 - 0x00000000770fb000 	C:\Windows\SYSTEM32\ntdll.dll
0x0000000076d30000 - 0x0000000076e4f000 	C:\Windows\system32\kernel32.dll
0x000007fefcf60000 - 0x000007fefcfcb000 	C:\Windows\system32\KERNELBASE.dll
0x000007fefec40000 - 0x000007fefed1b000 	C:\Windows\system32\ADVAPI32.dll
0x000007fefed90000 - 0x000007fefee2f000 	C:\Windows\system32\msvcrt.dll
0x000007feff1f0000 - 0x000007feff20f000 	C:\Windows\SYSTEM32\sechost.dll
0x000007feff0c0000 - 0x000007feff1ee000 	C:\Windows\system32\RPCRT4.dll
0x0000000076e50000 - 0x0000000076f4a000 	C:\Windows\system32\USER32.dll
0x000007fefed20000 - 0x000007fefed87000 	C:\Windows\system32\GDI32.dll
0x000007fefe010000 - 0x000007fefe01e000 	C:\Windows\system32\LPK.dll
0x000007fefe100000 - 0x000007fefe1ca000 	C:\Windows\system32\USP10.dll
0x000007fefb940000 - 0x000007fefbb34000 	C:\Windows\WinSxS\amd64_microsoft.windows.common-controls_6595b64144ccf1df_6.0.7600.16385_none_fa645303170382f6\COMCTL32.dll
0x000007fefeb40000 - 0x000007fefebb1000 	C:\Windows\system32\SHLWAPI.dll
0x000007fefebc0000 - 0x000007fefebee000 	C:\Windows\system32\IMM32.DLL
0x000007fefe510000 - 0x000007fefe619000 	C:\Windows\system32\MSCTF.dll
0x0000000058470000 - 0x0000000058542000 	C:\Program Files\Java\jdk1.7.0_45\jre\bin\msvcr100.dll
0x00000000563c0000 - 0x0000000056b89000 	C:\Program Files\Java\jdk1.7.0_45\jre\bin\server\jvm.dll
0x000007fefa830000 - 0x000007fefa839000 	C:\Windows\system32\WSOCK32.dll
0x000007feff210000 - 0x000007feff25d000 	C:\Windows\system32\WS2_32.dll
0x000007fefeeb0000 - 0x000007fefeeb8000 	C:\Windows\system32\NSI.dll
0x000007fef8d20000 - 0x000007fef8d5b000 	C:\Windows\system32\WINMM.dll
0x0000000077110000 - 0x0000000077117000 	C:\Windows\system32\PSAPI.DLL
0x0000000072910000 - 0x000000007291f000 	C:\Program Files\Java\jdk1.7.0_45\jre\bin\verify.dll
0x00000000671d0000 - 0x00000000671f8000 	C:\Program Files\Java\jdk1.7.0_45\jre\bin\java.dll
0x0000000067280000 - 0x0000000067295000 	C:\Program Files\Java\jdk1.7.0_45\jre\bin\zip.dll

VM Arguments:
jvm_args: -Dfile.encoding=UTF-8 -Xbootclasspath:D:\adt-bundle-windows-x86_64-20131030\sdk\platforms\android-17\android.jar 
java_command: logic.SintaxAnalizator
Launcher Type: SUN_STANDARD

Environment Variables:
JAVA_HOME=C:\Program Files\Java\jdk1.7.0_45
JRE_HOME=C:\Program Files\Java\jdk1.7.0_45\jre
PATH=C:\Windows\system32;C:\Windows;C:\Windows\System32\Wbem;C:\Windows\System32\WindowsPowerShell\v1.0\;C:\Program Files\Java\jdk1.7.0_45\bin
USERNAME=Рома
OS=Windows_NT
PROCESSOR_IDENTIFIER=Intel64 Family 6 Model 23 Stepping 10, GenuineIntel



---------------  S Y S T E M  ---------------

OS: Windows 7 , 64 bit Build 7600 

CPU:total 2 (2 cores per cpu, 1 threads per core) family 6 model 23 stepping 10, cmov, cx8, fxsr, mmx, sse, sse2, sse3, ssse3, sse4.1, tsc

Memory: 4k page, physical 4160704k(1227908k free), swap 8319512k(3796732k free)

vm_info: Java HotSpot(TM) 64-Bit Server VM (24.45-b08) for windows-amd64 JRE (1.7.0_45-b18), built on Oct  8 2013 05:47:22 by "java_re" with unknown MS VC++:1600

time: Wed Apr 09 22:40:24 2014
elapsed time: 0 seconds

