#
# A fatal error has been detected by the Java Runtime Environment:
#
#  Internal Error (javaClasses.cpp:136), pid=4664, tid=5964
#  fatal error: Invalid layout of preloaded class
#
# JRE version:  (7.0_45-b18) (build )
# Java VM: Java HotSpot(TM) Client VM (24.45-b08 mixed mode windows-x86 )
# Failed to write core dump. Minidumps are not enabled by default on client versions of Windows
#
# If you would like to submit a bug report, please visit:
#   http://bugreport.sun.com/bugreport/crash.jsp
#

---------------  T H R E A D  ---------------

Current thread (0x017ac000):  JavaThread "Unknown thread" [_thread_in_vm, id=5964, stack(0x00390000,0x003e0000)]

Stack: [0x00390000,0x003e0000],  sp=0x003df400,  free space=317k
Native frames: (J=compiled Java code, j=interpreted, Vv=VM code, C=native code)
V  [jvm.dll+0x18df51]
V  [jvm.dll+0x187cc6]
V  [jvm.dll+0x3586a]
V  [jvm.dll+0x358f6]
V  [jvm.dll+0x4400d]
V  [jvm.dll+0x442be]
V  [jvm.dll+0x9263a]
V  [jvm.dll+0x929eb]
V  [jvm.dll+0x13daf1]
V  [jvm.dll+0x1605fc]
V  [jvm.dll+0xc8ebf]
C  [javaw.exe+0x13ce]
C  [javaw.exe+0x1e40]
C  [javaw.exe+0xa5b1]
C  [javaw.exe+0xa63b]
C  [kernel32.dll+0x51114]
C  [ntdll.dll+0x5b429]
C  [ntdll.dll+0x5b3fc]


---------------  P R O C E S S  ---------------

Java Threads: ( => current thread )

Other Threads:

=>0x017ac000 (exited) JavaThread "Unknown thread" [_thread_in_vm, id=5964, stack(0x00390000,0x003e0000)]

VM state:not at safepoint (not fully initialized)

VM Mutex/Monitor currently owned by a thread: None

GC Heap History (0 events):
No events

Deoptimization events (0 events):
No events

Internal exceptions (0 events):
No events

Events (10 events):
Event: 0.012 loading class 0x017e8948 done
Event: 0.012 loading class 0x017e83d8 done
Event: 0.012 loading class 0x017e83b8
Event: 0.012 loading class 0x017ef6e0
Event: 0.029 loading class 0x017ef6e0 done
Event: 0.029 loading class 0x017ef710
Event: 0.029 loading class 0x017ef710 done
Event: 0.029 loading class 0x017ef740
Event: 0.029 loading class 0x017ef740 done
Event: 0.029 loading class 0x017e83b8 done


Dynamic libraries:
0x00320000 - 0x0034f000 	D:\mironyuk\android\adt-bundle-windows-x86-20131030\eclipse\jre\bin\javaw.exe
0x77860000 - 0x7799d000 	C:\Windows\SYSTEM32\ntdll.dll
0x77060000 - 0x77134000 	C:\Windows\system32\kernel32.dll
0x75b10000 - 0x75b5a000 	C:\Windows\system32\KERNELBASE.dll
0x776b0000 - 0x77750000 	C:\Windows\system32\ADVAPI32.dll
0x76f90000 - 0x7703c000 	C:\Windows\system32\msvcrt.dll
0x77040000 - 0x77059000 	C:\Windows\SYSTEM32\sechost.dll
0x77390000 - 0x77431000 	C:\Windows\system32\RPCRT4.dll
0x77140000 - 0x77209000 	C:\Windows\system32\USER32.dll
0x76af0000 - 0x76b3e000 	C:\Windows\system32\GDI32.dll
0x76f80000 - 0x76f8a000 	C:\Windows\system32\LPK.dll
0x76cc0000 - 0x76d5d000 	C:\Windows\system32\USP10.dll
0x744d0000 - 0x7466e000 	C:\Windows\WinSxS\x86_microsoft.windows.common-controls_6595b64144ccf1df_6.0.7600.16661_none_420fe3fa2b8113bd\COMCTL32.dll
0x77490000 - 0x774e7000 	C:\Windows\system32\SHLWAPI.dll
0x76b40000 - 0x76b5f000 	C:\Windows\system32\IMM32.DLL
0x76d60000 - 0x76e2c000 	C:\Windows\system32\MSCTF.dll
0x73790000 - 0x7384f000 	D:\mironyuk\android\adt-bundle-windows-x86-20131030\eclipse\jre\bin\msvcr100.dll
0x68b40000 - 0x68ec0000 	D:\mironyuk\android\adt-bundle-windows-x86-20131030\eclipse\jre\bin\client\jvm.dll
0x735c0000 - 0x735c7000 	C:\Windows\system32\WSOCK32.dll
0x77a50000 - 0x77a85000 	C:\Windows\system32\WS2_32.dll
0x77270000 - 0x77276000 	C:\Windows\system32\NSI.dll
0x74080000 - 0x740b2000 	C:\Windows\system32\WINMM.dll
0x779b0000 - 0x779b5000 	C:\Windows\system32\PSAPI.DLL
0x73d70000 - 0x73d7c000 	D:\mironyuk\android\adt-bundle-windows-x86-20131030\eclipse\jre\bin\verify.dll
0x73d50000 - 0x73d70000 	D:\mironyuk\android\adt-bundle-windows-x86-20131030\eclipse\jre\bin\java.dll
0x73d30000 - 0x73d43000 	D:\mironyuk\android\adt-bundle-windows-x86-20131030\eclipse\jre\bin\zip.dll
0x71960000 - 0x71a4b000 	C:\Windows\system32\dbghelp.dll

VM Arguments:
jvm_args: -Dfile.encoding=Cp1251 -Xbootclasspath:D:\mironyuk\android\adt-bundle-windows-x86-20131030\sdk\platforms\android-19\android.jar 
java_command: logic.CorrectInput
Launcher Type: SUN_STANDARD

Environment Variables:
JAVA_HOME=D:\mironyuk\jdk
PATH=D:/mironyuk/android/adt-bundle-windows-x86-20131030/eclipse/jre/bin/client;D:/mironyuk/android/adt-bundle-windows-x86-20131030/eclipse/jre/bin;D:/mironyuk/android/adt-bundle-windows-x86-20131030/eclipse/jre/lib/i386;C:\app\admin\product\11.2.0.3\client_1\bin;C:\sybase\DataAccess\ADONET\dll;C:\sybase\DataAccess\OLEDB\dll;C:\sybase\DataAccess\ODBC\dll;C:\sybase\Shared\Sybase Central 4.3;C:\sybase\OCS-15_0\lib3p;C:\sybase\OCS-15_0\dll;C:\sybase\OCS-15_0\bin;C:\Perl\bin\;C:\Windows\system32;C:\Windows;C:\Windows\System32\Wbem;C:\Windows\System32\WindowsPowerShell\v1.0\;C:\sybase\DBISQL\bin;C:\Program Files\Common Files\Acronis\SnapAPI\;D:\mironyuk\android\adt-bundle-windows-x86-20131030\eclipse;
USERNAME=dn290490mrv
OS=Windows_NT
PROCESSOR_IDENTIFIER=x86 Family 6 Model 42 Stepping 7, GenuineIntel



---------------  S Y S T E M  ---------------

OS: Windows 7 Build 7600 

CPU:total 4 (4 cores per cpu, 1 threads per core) family 6 model 42 stepping 7, cmov, cx8, fxsr, mmx, sse, sse2, sse3, ssse3, sse4.1, sse4.2, popcnt, aes, tsc, tscinvbit

Memory: 4k page, physical 2001220k(433804k free), swap 4002440k(882856k free)

vm_info: Java HotSpot(TM) Client VM (24.45-b08) for windows-x86 JRE (1.7.0_45-b18), built on Oct  8 2013 06:02:43 by "java_re" with unknown MS VC++:1600

time: Fri Apr 11 12:12:42 2014
elapsed time: 0 seconds

